<?xml version="1.0" encoding="UTF-8"?>
<testng-results ignored="1" total="6" passed="4" failed="1" skipped="0">
  <reporter-output>
  </reporter-output>
  <suite started-at="2024-07-24T15:03:27 WEST" name="suite_oftesting" finished-at="2024-07-24T15:03:28 WEST" duration-ms="53">
    <groups>
      <group name="smoke">
        <method signature="day_3.calculate_Sum()[pri:0, instance:testNGTutorial.day_3@4dbb42b7]" name="calculate_Sum" class="testNGTutorial.day_3"/>
      </group> <!-- smoke -->
    </groups>
    <test started-at="2024-07-24T15:03:27 WEST" name="Car loan" finished-at="2024-07-24T15:03:28 WEST" duration-ms="45">
      <class name="testNGTutorial.day_3">
        <test-method signature="calculate()[pri:0, instance:testNGTutorial.day_3@4dbb42b7]" started-at="2024-07-24T15:03:28 WEST" name="calculate" finished-at="2024-07-24T15:03:28 WEST" duration-ms="1" status="PASS">
          <reporter-output>
          </reporter-output>
        </test-method> <!-- calculate -->
        <test-method signature="calculate_Sum()[pri:0, instance:testNGTutorial.day_3@4dbb42b7]" started-at="2024-07-24T15:03:28 WEST" name="calculate_Sum" finished-at="2024-07-24T15:03:28 WEST" duration-ms="2" status="PASS">
          <reporter-output>
          </reporter-output>
        </test-method> <!-- calculate_Sum -->
      </class> <!-- testNGTutorial.day_3 -->
      <class name="testNGTutorial.day_1">
        <test-method is-config="true" signature="avantTout()[pri:0, instance:testNGTutorial.day_1@22ef9844]" started-at="2024-07-24T15:03:27 WEST" name="avantTout" finished-at="2024-07-24T15:03:27 WEST" duration-ms="6" status="PASS">
          <reporter-output>
          </reporter-output>
        </test-method> <!-- avantTout -->
      </class> <!-- testNGTutorial.day_1 -->
    </test> <!-- Car loan -->
    <test started-at="2024-07-24T15:03:27 WEST" name="Personal loan" finished-at="2024-07-24T15:03:28 WEST" duration-ms="53">
      <class name="testNGTutorial.day_2">
        <test-method signature="SecondTest()[pri:0, instance:testNGTutorial.day_2@193f604a]" started-at="2024-07-24T15:03:28 WEST" name="SecondTest" finished-at="2024-07-24T15:03:28 WEST" duration-ms="4" status="PASS">
          <reporter-output>
          </reporter-output>
        </test-method> <!-- SecondTest -->
        <test-method signature="ThirdsTest()[pri:0, instance:testNGTutorial.day_2@193f604a]" started-at="2024-07-24T15:03:28 WEST" name="ThirdsTest" finished-at="2024-07-24T15:03:28 WEST" duration-ms="6" status="FAIL">
          <exception class="java.lang.AssertionError">
            <message>
              <![CDATA[expected [true] but found [false]]]>
            </message>
            <full-stacktrace>
              <![CDATA[java.lang.AssertionError: expected [true] but found [false]
at org.testng.Assert.fail(Assert.java:99)
at org.testng.Assert.failNotEquals(Assert.java:1037)
at org.testng.Assert.assertTrue(Assert.java:45)
at org.testng.Assert.assertTrue(Assert.java:55)
at testNGTutorial.day_2.ThirdsTest(day_2.java:22)
at java.base/jdk.internal.reflect.NativeMethodAccessorImpl.invoke0(Native Method)
at java.base/jdk.internal.reflect.NativeMethodAccessorImpl.invoke(NativeMethodAccessorImpl.java:77)
at java.base/jdk.internal.reflect.DelegatingMethodAccessorImpl.invoke(DelegatingMethodAccessorImpl.java:43)
at java.base/java.lang.reflect.Method.invoke(Method.java:568)
at org.testng.internal.MethodInvocationHelper.invokeMethod(MethodInvocationHelper.java:133)
at org.testng.internal.TestInvoker.invokeMethod(TestInvoker.java:598)
at org.testng.internal.TestInvoker.invokeTestMethod(TestInvoker.java:173)
at org.testng.internal.MethodRunner.runInSequence(MethodRunner.java:46)
at org.testng.internal.TestInvoker$MethodInvocationAgent.invoke(TestInvoker.java:824)
at org.testng.internal.TestInvoker.invokeTestMethods(TestInvoker.java:146)
at org.testng.internal.TestMethodWorker.invokeTestMethods(TestMethodWorker.java:146)
at org.testng.internal.TestMethodWorker.run(TestMethodWorker.java:128)
at java.base/java.util.ArrayList.forEach(ArrayList.java:1511)
at org.testng.TestRunner.privateRun(TestRunner.java:794)
at org.testng.TestRunner.run(TestRunner.java:596)
at org.testng.SuiteRunner.runTest(SuiteRunner.java:377)
at org.testng.SuiteRunner.access$000(SuiteRunner.java:28)
at org.testng.SuiteRunner$SuiteWorker.run(SuiteRunner.java:418)
at org.testng.internal.thread.ThreadUtil.lambda$execute$0(ThreadUtil.java:64)
at java.base/java.util.concurrent.FutureTask.run(FutureTask.java:264)
at java.base/java.util.concurrent.ThreadPoolExecutor.runWorker(ThreadPoolExecutor.java:1136)
at java.base/java.util.concurrent.ThreadPoolExecutor$Worker.run(ThreadPoolExecutor.java:635)
at java.base/java.lang.Thread.run(Thread.java:840)
]]>
            </full-stacktrace>
          </exception> <!-- java.lang.AssertionError -->
          <reporter-output>
          </reporter-output>
        </test-method> <!-- ThirdsTest -->
      </class> <!-- testNGTutorial.day_2 -->
      <class name="testNGTutorial.day_1">
        <test-method is-config="true" signature="prerequiset()[pri:0, instance:testNGTutorial.day_1@22ef9844]" started-at="2024-07-24T15:03:27 WEST" name="prerequiset" finished-at="2024-07-24T15:03:27 WEST" duration-ms="0" status="PASS">
          <reporter-output>
          </reporter-output>
        </test-method> <!-- prerequiset -->
        <test-method is-config="true" signature="avanttoutClass()[pri:0, instance:testNGTutorial.day_1@22ef9844]" started-at="2024-07-24T15:03:28 WEST" name="avanttoutClass" finished-at="2024-07-24T15:03:28 WEST" duration-ms="1" status="PASS">
          <reporter-output>
          </reporter-output>
        </test-method> <!-- avanttoutClass -->
        <test-method signature="Demo(java.lang.String)[pri:0, instance:testNGTutorial.day_1@22ef9844]" started-at="2024-07-24T15:03:28 WEST" name="Demo" finished-at="2024-07-24T15:03:28 WEST" duration-ms="1" status="PASS">
          <params>
            <param index="0">
              <value>
                <![CDATA[qaclickacademy.com]]>
              </value>
            </param>
          </params>
          <reporter-output>
          </reporter-output>
        </test-method> <!-- Demo -->
        <test-method is-config="true" signature="apresTout()[pri:0, instance:testNGTutorial.day_1@22ef9844]" started-at="2024-07-24T15:03:28 WEST" name="apresTout" finished-at="2024-07-24T15:03:28 WEST" duration-ms="0" status="PASS">
          <reporter-output>
          </reporter-output>
        </test-method> <!-- apresTout -->
      </class> <!-- testNGTutorial.day_1 -->
    </test> <!-- Personal loan -->
  </suite> <!-- suite_oftesting -->
</testng-results>
