<?xml version="1.0" encoding="UTF-8"?>
<!-- Generated by org.testng.reporters.JUnitXMLReporter -->
<testsuite ignored="4" hostname="DESKTOP-8L8BQUV" failures="0" tests="1" name="Regression" time="0.039" errors="0" timestamp="2024-07-07T00:37:16 CEST">
  <testcase classname="testNGTutorial.day_3" name="calculate_Sum" time="0.008"/>
  <testcase classname="testNGTutorial.day_3" name="calculate" time="0.0">
    <ignored/>
  </testcase> <!-- calculate -->
  <testcase classname="testNGTutorial.day_1" name="SecondTest" time="0.0">
    <ignored/>
  </testcase> <!-- SecondTest -->
  <testcase classname="testNGTutorial.day_1" name="Demo" time="0.0">
    <ignored/>
  </testcase> <!-- Demo -->
  <testcase classname="testNGTutorial.day_2" name="SecondTest" time="0.0">
    <ignored/>
  </testcase> <!-- SecondTest -->
</testsuite> <!-- Regression -->
